  Block.cpp
  Client.cpp
  CollisionManager.cpp
  EndScene.cpp
  GameObject.cpp
  Item.cpp
  Main.cpp
  MainScene.cpp
  ObjectManager.cpp
  Player.cpp
  Projectile.cpp
  Scene.cpp
  SceneManager.cpp
  TCPClient.cpp
C:\Users\cbcbc\Desktop\TankBattle(진)\TankBattle_Client\ConsoleApplication1\TCPClient.cpp(42,46): warning C4267: '인수': 'size_t'에서 'int'(으)로 변환하면서 데이터가 손실될 수 있습니다.
  Timer.cpp
  TitleScene.cpp
  UI.cpp
C:\Users\cbcbc\Desktop\TankBattle(진)\TankBattle_Client\ConsoleApplication1\UI.cpp(39,74): warning C4267: '인수': 'size_t'에서 'int'(으)로 변환하면서 데이터가 손실될 수 있습니다.
  코드를 생성하고 있습니다...
C:\Users\cbcbc\Desktop\TankBattle(진)\TankBattle_Client\ConsoleApplication1\TCPClient.cpp(38): warning C4715: 'TcpClient::Client_Connet': 모든 제어 경로에서 값을 반환하지는 않습니다.
  ConsoleApplication1.vcxproj -> C:\Users\cbcbc\Desktop\TankBattle(진)\TankBattle_Client\x64\Debug\ConsoleApplication1.exe
